<?xml version="1.0" encoding="UTF-8"?>
<!-- Generated by org.testng.reporters.JUnitReportReporter -->
<testsuite hostname="VidyaShekar" failures="0" tests="3" name="com.restassured.AddResturant1" time="1.225" errors="0" timestamp="2023-09-02T13:25:13 SGT" skipped="2">
  <testcase classname="com.restassured.AddResturant1" name="deserializeAndValidateResponse" time="1.225"/>
  <system-out/>
  <testcase classname="com.restassured.AddResturant1" name="tesAddDishToRestaurant">
    <skipped/>
  </testcase> <!-- tesAddDishToRestaurant -->
  <system-out/>
  <testcase classname="com.restassured.AddResturant1" name="validateAddDishToCartWithRestAssured">
    <skipped/>
  </testcase> <!-- validateAddDishToCartWithRestAssured -->
  <system-out/>
</testsuite> <!-- com.restassured.AddResturant1 -->
