<?xml version="1.0" encoding="UTF-8"?>
<!-- Generated by org.testng.reporters.JUnitReportReporter -->
<testsuite hostname="VidyaShekar" failures="0" tests="1" name="com.restassured.TestRestAPI" time="2.512" errors="0" timestamp="2023-08-27T20:07:44 SGT" skipped="0">
  <testcase classname="com.restassured.TestRestAPI" name="GetBooksDetails" time="2.512"/>
  <system-out/>
</testsuite> <!-- com.restassured.TestRestAPI -->
