<?xml version="1.0" encoding="UTF-8"?>
<!-- Generated by org.testng.reporters.JUnitReportReporter -->
<testsuite hostname="VidyaShekar" failures="0" tests="4" name="com.restassured.TestAdminAuthentication" time="2.097" errors="0" timestamp="2023-09-01T23:33:05 SGT" skipped="1">
  <testcase classname="com.restassured.TestAdminAuthentication" name="testUserLoginwithRestAssured" time="0.173"/>
  <system-out/>
  <testcase classname="com.restassured.TestAdminAuthentication" name="testUserRegisterwithRestAssured" time="0.086"/>
  <system-out/>
  <testcase classname="com.restassured.TestAdminAuthentication" name="testUserLogin" time="1.838"/>
  <system-out/>
  <testcase classname="com.restassured.TestAdminAuthentication" name="testAdminLogin">
    <skipped/>
  </testcase> <!-- testAdminLogin -->
  <system-out/>
</testsuite> <!-- com.restassured.TestAdminAuthentication -->
